Q-curve with 2-3-isogeny for parameter -5

An exception occured:
Paramater -5 gives a CM elliptic curve.

--------------------------------------------------------------

	Command being timed: "sage ./results/run.sage"
	User time (seconds): 3.17
	System time (seconds): 0.38
	Percent of CPU this job got: 74%
	Elapsed (wall clock) time (h:mm:ss or m:ss): 0:04.81
	Average shared text size (kbytes): 0
	Average unshared data size (kbytes): 0
	Average stack size (kbytes): 0
	Average total size (kbytes): 0
	Maximum resident set size (kbytes): 207676
	Average resident set size (kbytes): 0
	Major (requiring I/O) page faults: 0
	Minor (reclaiming a frame) page faults: 120910
	Voluntary context switches: 1521
	Involuntary context switches: 196
	Swaps: 0
	File system inputs: 24
	File system outputs: 56
	Socket messages sent: 0
	Socket messages received: 0
	Signals delivered: 0
	Page size (bytes): 4096
	Exit status: 0
