Q-curve with 2-3-isogeny for parameter 1

An exception occured:
Paramater 1 gives a CM elliptic curve.

--------------------------------------------------------------

	Command being timed: "sage ./code/Q-curve with 2-3-isogeny 1.sage"
	User time (seconds): 2.48
	System time (seconds): 0.36
	Percent of CPU this job got: 66%
	Elapsed (wall clock) time (h:mm:ss or m:ss): 0:04.26
	Average shared text size (kbytes): 0
	Average unshared data size (kbytes): 0
	Average stack size (kbytes): 0
	Average total size (kbytes): 0
	Maximum resident set size (kbytes): 204476
	Average resident set size (kbytes): 0
	Major (requiring I/O) page faults: 88
	Minor (reclaiming a frame) page faults: 119109
	Voluntary context switches: 1669
	Involuntary context switches: 78
	Swaps: 0
	File system inputs: 29784
	File system outputs: 48
	Socket messages sent: 0
	Socket messages received: 0
	Signals delivered: 0
	Page size (bytes): 4096
	Exit status: 0
