Traceback (most recent call last):
  File "./code/Q-curve with 2-3-isogeny -6.sage.py", line 3, in <module>
    from sage.all_cmdline import *   # import sage library
  File "/local/sage/local/lib/python2.7/site-packages/sage/all_cmdline.py", line 26, in <module>
    from sage.all import *
  File "/local/sage/local/lib/python2.7/site-packages/sage/all.py", line 117, in <module>
    import sage.tests.all as tests
  File "/local/sage/local/lib/python2.7/site-packages/sage/tests/all.py", line 2, in <module>
    from sage.tests.arxiv_0812_2725 import *
  File "/local/sage/local/lib/python2.7/site-packages/sage/tests/arxiv_0812_2725.py", line 39, in <module>
    from sage.combinat.set_partition import SetPartitions as SetPartitions
  File "/local/sage/local/lib/python2.7/site-packages/sage/combinat/set_partition.py", line 54, in <module>
    from sage.combinat.partition import Partition, Partitions
  File "/local/sage/local/lib/python2.7/site-packages/sage/combinat/partition.py", line 321, in <module>
    from sage.combinat.root_system.weyl_group import WeylGroup
  File "/local/sage/local/lib/python2.7/site-packages/sage/combinat/root_system/weyl_group.py", line 48, in <module>
    from sage.combinat.root_system.reflection_group_element import RealReflectionGroupElement
  File "src/cysignals/signals.pyx", line 265, in cysignals.signals.python_check_interrupt
  File "src/cysignals/signals.pyx", line 98, in cysignals.signals.sig_raise_exception
KeyboardInterrupt

--------------------------------------------------------------

Command exited with non-zero status 1
	Command being timed: "sage ./code/Q-curve with 2-3-isogeny -6.sage"
	User time (seconds): 0.82
	System time (seconds): 0.24
	Percent of CPU this job got: 71%
	Elapsed (wall clock) time (h:mm:ss or m:ss): 0:01.49
	Average shared text size (kbytes): 0
	Average unshared data size (kbytes): 0
	Average stack size (kbytes): 0
	Average total size (kbytes): 0
	Maximum resident set size (kbytes): 142032
	Average resident set size (kbytes): 0
	Major (requiring I/O) page faults: 0
	Minor (reclaiming a frame) page faults: 65284
	Voluntary context switches: 1013
	Involuntary context switches: 59
	Swaps: 0
	File system inputs: 16120
	File system outputs: 24
	Socket messages sent: 0
	Socket messages received: 0
	Signals delivered: 0
	Page size (bytes): 4096
	Exit status: 1
