Traceback (most recent call last):
  File "./code/Q-curve with 2-3-isogeny 6.sage.py", line 3, in <module>
    from sage.all_cmdline import *   # import sage library
  File "/local/sage/local/lib/python2.7/site-packages/sage/all_cmdline.py", line 26, in <module>
    from sage.all import *
  File "/local/sage/local/lib/python2.7/site-packages/sage/all.py", line 101, in <module>
    from sage.algebras.all   import *
  File "/local/sage/local/lib/python2.7/site-packages/sage/algebras/all.py", line 22, in <module>
    import sage.algebras.catalog as algebras
  File "/local/sage/local/lib/python2.7/site-packages/sage/algebras/catalog.py", line 68, in <module>
    from sage.algebras.free_algebra import FreeAlgebra as Free
  File "/local/sage/local/lib/python2.7/site-packages/sage/algebras/free_algebra.py", line 144, in <module>
    from sage.algebras.free_algebra_element import FreeAlgebraElement
  File "/local/sage/local/lib/python2.7/site-packages/sage/algebras/free_algebra_element.py", line 41, in <module>
    from sage.modules.with_basis.indexed_element import IndexedFreeModuleElement
  File "sage/modules/with_basis/indexed_element.pyx", line 31, in init sage.modules.with_basis.indexed_element (build/cythonized/sage/modules/with_basis/indexed_element.c:12335)
  File "/local/sage/local/lib/python2.7/site-packages/sage/categories/all.py", line 46, in <module>
    from .finite_posets import FinitePosets
  File "/local/sage/local/lib/python2.7/site-packages/sage/categories/finite_posets.py", line 23, in <module>
    class FinitePosets(CategoryWithAxiom):
  File "/local/sage/local/lib/python2.7/site-packages/sage/categories/finite_posets.py", line 48, in FinitePosets
    class ParentMethods:
  File "/local/sage/local/lib/python2.7/site-packages/sage/categories/finite_posets.py", line 132, in ParentMethods
    is_selfdual = deprecated_function_alias(24048, is_self_dual)
  File "/local/sage/local/lib/python2.7/site-packages/sage/misc/superseded.py", line 513, in deprecated_function_alias
    frame1 = inspect.getouterframes(inspect.currentframe())[1][0]
  File "/local/sage/local/lib/python2.7/inspect.py", line 1042, in getouterframes
    framelist.append((frame,) + getframeinfo(frame, context))
  File "/local/sage/local/lib/python2.7/inspect.py", line 1017, in getframeinfo
    lines, lnum = findsource(frame)
  File "/local/sage/local/lib/python2.7/inspect.py", line 531, in findsource
    module = getmodule(object, file)
  File "/local/sage/local/lib/python2.7/inspect.py", line 499, in getmodule
    os.path.realpath(f)] = module.__name__
  File "/local/sage/local/lib/python2.7/posixpath.py", line 375, in realpath
    path, ok = _joinrealpath('', filename, {})
  File "/local/sage/local/lib/python2.7/posixpath.py", line 400, in _joinrealpath
    if not islink(newpath):
  File "/local/sage/local/lib/python2.7/posixpath.py", line 135, in islink
    st = os.lstat(path)
  File "src/cysignals/signals.pyx", line 265, in cysignals.signals.python_check_interrupt
  File "src/cysignals/signals.pyx", line 98, in cysignals.signals.sig_raise_exception
KeyboardInterrupt

--------------------------------------------------------------

Command exited with non-zero status 1
	Command being timed: "sage ./code/Q-curve with 2-3-isogeny 6.sage"
	User time (seconds): 0.61
	System time (seconds): 0.20
	Percent of CPU this job got: 69%
	Elapsed (wall clock) time (h:mm:ss or m:ss): 0:01.17
	Average shared text size (kbytes): 0
	Average unshared data size (kbytes): 0
	Average stack size (kbytes): 0
	Average total size (kbytes): 0
	Maximum resident set size (kbytes): 94424
	Average resident set size (kbytes): 0
	Major (requiring I/O) page faults: 0
	Minor (reclaiming a frame) page faults: 52614
	Voluntary context switches: 846
	Involuntary context switches: 121
	Swaps: 0
	File system inputs: 144
	File system outputs: 24
	Socket messages sent: 0
	Socket messages received: 0
	Signals delivered: 0
	Page size (bytes): 4096
	Exit status: 1
