Q-curve with 2-3-isogeny for parameter -1

An exception occured:
The polynomial does not define a finite subgroup of the elliptic curve.

--------------------------------------------------------------

	Command being timed: "sage ./results/run.sage"
	User time (seconds): 3.37
	System time (seconds): 0.34
	Percent of CPU this job got: 74%
	Elapsed (wall clock) time (h:mm:ss or m:ss): 0:04.96
	Average shared text size (kbytes): 0
	Average unshared data size (kbytes): 0
	Average stack size (kbytes): 0
	Average total size (kbytes): 0
	Maximum resident set size (kbytes): 187440
	Average resident set size (kbytes): 0
	Major (requiring I/O) page faults: 0
	Minor (reclaiming a frame) page faults: 117046
	Voluntary context switches: 1407
	Involuntary context switches: 95
	Swaps: 0
	File system inputs: 32
	File system outputs: 48
	Socket messages sent: 0
	Socket messages received: 0
	Signals delivered: 0
	Page size (bytes): 4096
	Exit status: 0
