Q-curve with 2-3-isogeny for parameter 5
Traceback (most recent call last):
  File "./results/run.sage.py", line 7, in <module>
    load('/home/jln224/Documents/SageFiles/database/Q-curve with 2-3-isogeny/parameter 5.sage')
  File "sage/misc/persist.pyx", line 136, in sage.misc.persist.load (build/cythonized/sage/misc/persist.c:2441)
  File "/local/sage/local/lib/python2.7/site-packages/sage/repl/load.py", line 263, in load
    exec(preparse_file(f.read()) + "\n", globals)
  File "<string>", line 8, in <module>
  File "<string>", line 1242, in decomposable_twist
  File "sage/misc/cachefunc.pyx", line 2316, in sage.misc.cachefunc.CachedMethodCallerNoArgs.__call__ (build/cythonized/sage/misc/cachefunc.c:13468)
  File "<string>", line 787, in does_decompose
  File "sage/misc/cachefunc.pyx", line 1953, in sage.misc.cachefunc.CachedMethodCaller.__call__ (build/cythonized/sage/misc/cachefunc.c:10825)
  File "sage/misc/cachefunc.pyx", line 1829, in sage.misc.cachefunc.CachedMethodCaller._instance_call (build/cythonized/sage/misc/cachefunc.c:10281)
  File "<string>", line 900, in splitting_map
  File "<string>", line 811, in _first_splitting_map
  File "sage/misc/cachefunc.pyx", line 2316, in sage.misc.cachefunc.CachedMethodCallerNoArgs.__call__ (build/cythonized/sage/misc/cachefunc.c:13468)
  File "<string>", line 770, in decomposition_field
  File "sage/misc/cachefunc.pyx", line 1005, in sage.misc.cachefunc.CachedFunction.__call__ (build/cythonized/sage/misc/cachefunc.c:6302)
  File "<string>", line 226, in composite_field
  File "/local/sage/local/lib/python2.7/site-packages/sage/rings/number_field/number_field.py", line 4861, in composite_fields
    if not any(r.nfisisom(s) for s in C):
  File "/local/sage/local/lib/python2.7/site-packages/sage/rings/number_field/number_field.py", line 4861, in <genexpr>
    if not any(r.nfisisom(s) for s in C):
  File "cypari2/auto_gen.pxi", line 20326, in cypari2.gen.Gen_auto.nfisisom
  File "src/cysignals/signals.pyx", line 98, in cysignals.signals.sig_raise_exception
KeyboardInterrupt

--------------------------------------------------------------

Command exited with non-zero status 1
	Command being timed: "sage ./results/run.sage"
	User time (seconds): 41.87
	System time (seconds): 0.40
	Percent of CPU this job got: 15%
	Elapsed (wall clock) time (h:mm:ss or m:ss): 4:39.82
	Average shared text size (kbytes): 0
	Average unshared data size (kbytes): 0
	Average stack size (kbytes): 0
	Average total size (kbytes): 0
	Maximum resident set size (kbytes): 356856
	Average resident set size (kbytes): 0
	Major (requiring I/O) page faults: 3
	Minor (reclaiming a frame) page faults: 128011
	Voluntary context switches: 2161
	Involuntary context switches: 353
	Swaps: 0
	File system inputs: 552
	File system outputs: 80
	Socket messages sent: 0
	Socket messages received: 0
	Signals delivered: 0
	Page size (bytes): 4096
	Exit status: 1
