Q-curve with 2-3-isogeny for parameter 2

Decomposable curve of lowest conductor:

Q-curve defined by y^2 = x^3 + (-1011280123221098712851179434656390719606250/204545482626805048170705788057773481290407819*sqrt_tsqrt_susqrt_tsqrt_szeta0^15+1539861978465043629032747036262407771304250/132697965431726572469167554259702509367612241*sqrt_tsqrt_susqrt_tsqrt_szeta0^14+120612594917266490265923988529828646416663837750/37022732355451713718897747638457000113563815239*sqrt_tsqrt_susqrt_tsqrt_szeta0^13-85853288623829148849635901493342946880126370250/12340910785150571239632582546152333371187938413*sqrt_tsqrt_susqrt_tsqrt_szeta0^12-674612586253802688360813870982840681320855250/863544243590411534506513368284398108682943*sqrt_tsqrt_susqrt_tsqrt_szeta0^11+56018674836644804654826357566344584515145262607000/37022732355451713718897747638457000113563815239*sqrt_tsqrt_susqrt_tsqrt_szeta0^10+3197059271592773382283686075989204967573013140976000/37022732355451713718897747638457000113563815239*sqrt_tsqrt_susqrt_tsqrt_szeta0^9-1967426475717293818414956232907528987616692741192500/12340910785150571239632582546152333371187938413*sqrt_tsqrt_susqrt_tsqrt_szeta0^8-173550905738975361819556515929285720739344859881330500/37022732355451713718897747638457000113563815239*sqrt_tsqrt_susqrt_tsqrt_szeta0^7+35376318022906312944616978640094005467955469307738500/4113636928383523746544194182050777790395979471*sqrt_tsqrt_susqrt_tsqrt_szeta0^6+495520805745214174113183461936294302667523763595107750/4113636928383523746544194182050777790395979471*sqrt_tsqrt_susqrt_tsqrt_szeta0^5-8261174428779479154311231326176166697362564114776643250/37022732355451713718897747638457000113563815239*sqrt_tsqrt_susqrt_tsqrt_szeta0^4-2369621472692462470723594113640544349555301569102987250/1948564860813248090468302507287210532292832381*sqrt_tsqrt_susqrt_tsqrt_szeta0^3+27204815722830689890799926247841954783784784377633723250/12340910785150571239632582546152333371187938413*sqrt_tsqrt_susqrt_tsqrt_szeta0^2+70011313040952824716185460904805363339101246341360959250/37022732355451713718897747638457000113563815239*sqrt_tsqrt_susqrt_tsqrt_szeta0-86330727537246146409821714886808407679532362049942627000/37022732355451713718897747638457000113563815239)*x + (2852671416782780765331181797567585222847380223000/37022732355451713718897747638457000113563815239*sqrt_tsqrt_susqrt_tsqrt_szeta0^15-5249768608861034777296983988081308987927153325000/37022732355451713718897747638457000113563815239*sqrt_tsqrt_susqrt_tsqrt_szeta0^14-1877861423710626899140051705820838615618184948372000/37022732355451713718897747638457000113563815239*sqrt_tsqrt_susqrt_tsqrt_szeta0^13+3061612764253284055974426949134062109002541817109000/37022732355451713718897747638457000113563815239*sqrt_tsqrt_susqrt_tsqrt_szeta0^12+449259819138959690430617440754410408300264157623513000/37022732355451713718897747638457000113563815239*sqrt_tsqrt_susqrt_tsqrt_szeta0^11-646316421940813862495243539518928840274834477047094000/37022732355451713718897747638457000113563815239*sqrt_tsqrt_susqrt_tsqrt_szeta0^10-49404165770743347628393596073712202728733589083818476000/37022732355451713718897747638457000113563815239*sqrt_tsqrt_susqrt_tsqrt_szeta0^9+67591351556407611458212355401647352955942291157619267000/37022732355451713718897747638457000113563815239*sqrt_tsqrt_susqrt_tsqrt_szeta0^8+2654825550892285863028369323887795388354756921686306956000/37022732355451713718897747638457000113563815239*sqrt_tsqrt_susqrt_tsqrt_szeta0^7-3731770135086587661187294020914375761943988798691440485000/37022732355451713718897747638457000113563815239*sqrt_tsqrt_susqrt_tsqrt_szeta0^6-66958115198640189735664673493115296058970394483055342105000/37022732355451713718897747638457000113563815239*sqrt_tsqrt_susqrt_tsqrt_szeta0^5+102386483861591362182335743173572543240646334880535964544000/37022732355451713718897747638457000113563815239*sqrt_tsqrt_susqrt_tsqrt_szeta0^4+34531654272400464168470845364049033821293651127808144538000/1948564860813248090468302507287210532292832381*sqrt_tsqrt_susqrt_tsqrt_szeta0^3-1094576994739758038504784378126122271021665939801351345884000/37022732355451713718897747638457000113563815239*sqrt_tsqrt_susqrt_tsqrt_szeta0^2-995141581772833314072582907545907803499864265614884681661000/37022732355451713718897747638457000113563815239*sqrt_tsqrt_susqrt_tsqrt_szeta0+393715115624119598056121206018238322835613888187115098461000/12340910785150571239632582546152333371187938413) over Number Field in sqrt_tsqrt_susqrt_tsqrt_szeta0 with defining polynomial x^16 - 4*x^15 - 670*x^14 + 2460*x^13 + 165359*x^12 - 542084*x^11 - 19201328*x^10 + 54998280*x^9 + 1126582081*x^8 - 2683449024*x^7 - 32678529188*x^6 + 58067439692*x^5 + 404932389899*x^4 - 414046148028*x^3 - 1230320219314*x^2 + 215121767908*x + 699407349721

Newform levels:

(19200, 19200, 19200, 19200)


An exception occured:
Error executing Magma code:

Current total memory usage: 7402.7MB, failed memory request: 1496.9MB
System error: Out of memory.
All virtual memory has been exhausted so Magma cannot perform this statement.

--------------------------------------------------------------

	Command being timed: "sage ./code/Q-curve with 2-3-isogeny 2.sage"
	User time (seconds): 4136.69
	System time (seconds): 2.28
	Percent of CPU this job got: 74%
	Elapsed (wall clock) time (h:mm:ss or m:ss): 1:32:59
	Average shared text size (kbytes): 0
	Average unshared data size (kbytes): 0
	Average stack size (kbytes): 0
	Average total size (kbytes): 0
	Maximum resident set size (kbytes): 462312
	Average resident set size (kbytes): 0
	Major (requiring I/O) page faults: 6138
	Minor (reclaiming a frame) page faults: 289111
	Voluntary context switches: 61430
	Involuntary context switches: 36847
	Swaps: 0
	File system inputs: 523848
	File system outputs: 369400
	Socket messages sent: 0
	Socket messages received: 0
	Signals delivered: 0
	Page size (bytes): 4096
	Exit status: 0
