Q-curve with 2-3-isogeny for parameter 3

An exception occured:
Paramater 3 gives a CM elliptic curve.

--------------------------------------------------------------

	Command being timed: "sage ./code/Q-curve with 2-3-isogeny 3.sage"
	User time (seconds): 10.43
	System time (seconds): 0.64
	Percent of CPU this job got: 83%
	Elapsed (wall clock) time (h:mm:ss or m:ss): 0:13.24
	Average shared text size (kbytes): 0
	Average unshared data size (kbytes): 0
	Average stack size (kbytes): 0
	Average total size (kbytes): 0
	Maximum resident set size (kbytes): 210764
	Average resident set size (kbytes): 0
	Major (requiring I/O) page faults: 565
	Minor (reclaiming a frame) page faults: 119942
	Voluntary context switches: 5040
	Involuntary context switches: 5250
	Swaps: 0
	File system inputs: 266928
	File system outputs: 48
	Socket messages sent: 0
	Socket messages received: 0
	Signals delivered: 0
	Page size (bytes): 4096
	Exit status: 0
