Q-curve with 2-3-isogeny for parameter -3
Traceback (most recent call last):
  File "./code/Q-curve with 2-3-isogeny -3.sage.py", line 19, in <module>
    if Etwist.conductor_restriction_of_scalars() < N:
  File "sage/misc/cachefunc.pyx", line 2316, in sage.misc.cachefunc.CachedMethodCallerNoArgs.__call__ (build/cythonized/sage/misc/cachefunc.c:13468)
  File "<string>", line 1368, in conductor_restriction_of_scalars
  File "/local/sage/local/lib/python2.7/site-packages/sage/schemes/elliptic_curves/ell_number_field.py", line 1605, in conductor
    for d in self.local_data()],\
  File "/local/sage/local/lib/python2.7/site-packages/sage/schemes/elliptic_curves/ell_number_field.py", line 1061, in local_data
    return [self._get_local_data(pr, proof) for pr in primes]
  File "/local/sage/local/lib/python2.7/site-packages/sage/schemes/elliptic_curves/ell_number_field.py", line 1127, in _get_local_data
    self._local_data[P, proof, algorithm, globally] = EllipticCurveLocalData(self, P, proof, algorithm, globally)
  File "/local/sage/local/lib/python2.7/site-packages/sage/schemes/elliptic_curves/ell_local_data.py", line 270, in __init__
    self._Emin, ch, self._val_disc, self._fp, self._KS, self._cp, self._split = self._tate(proof, globally)
  File "/local/sage/local/lib/python2.7/site-packages/sage/schemes/elliptic_curves/ell_local_data.py", line 810, in _tate
    val_disc = pval(delta)
  File "/local/sage/local/lib/python2.7/site-packages/sage/schemes/elliptic_curves/ell_local_data.py", line 740, in <lambda>
    pval = lambda x: x.valuation(prime)
  File "sage/rings/number_field/number_field_element.pyx", line 3672, in sage.rings.number_field.number_field_element.NumberFieldElement.valuation (build/cythonized/sage/rings/number_field/number_field_element.cpp:33622)
  File "cypari2/gen.pyx", line 3861, in cypari2.gen.Gen.nfeltval
  File "src/cysignals/signals.pyx", line 98, in cysignals.signals.sig_raise_exception
KeyboardInterrupt

--------------------------------------------------------------

Command exited with non-zero status 1
	Command being timed: "sage ./code/Q-curve with 2-3-isogeny -3.sage"
	User time (seconds): 78320.44
	System time (seconds): 42.33
	Percent of CPU this job got: 99%
	Elapsed (wall clock) time (h:mm:ss or m:ss): 21:48:21
	Average shared text size (kbytes): 0
	Average unshared data size (kbytes): 0
	Average stack size (kbytes): 0
	Average total size (kbytes): 0
	Maximum resident set size (kbytes): 6395984
	Average resident set size (kbytes): 0
	Major (requiring I/O) page faults: 1307
	Minor (reclaiming a frame) page faults: 15965890
	Voluntary context switches: 32913
	Involuntary context switches: 874108
	Swaps: 0
	File system inputs: 461816
	File system outputs: 160
	Socket messages sent: 0
	Socket messages received: 0
	Signals delivered: 0
	Page size (bytes): 4096
	Exit status: 1
