Q-curve with 2-3-isogeny for parameter 4

An exception occured:
invariants (0, 0, 0, -15552, 746496) define a singular curve

--------------------------------------------------------------

	Command being timed: "sage ./code/Q-curve with 2-3-isogeny 4.sage"
	User time (seconds): 1.35
	System time (seconds): 0.29
	Percent of CPU this job got: 64%
	Elapsed (wall clock) time (h:mm:ss or m:ss): 0:02.55
	Average shared text size (kbytes): 0
	Average unshared data size (kbytes): 0
	Average stack size (kbytes): 0
	Average total size (kbytes): 0
	Maximum resident set size (kbytes): 177244
	Average resident set size (kbytes): 0
	Major (requiring I/O) page faults: 331
	Minor (reclaiming a frame) page faults: 97398
	Voluntary context switches: 4126
	Involuntary context switches: 81
	Swaps: 0
	File system inputs: 191464
	File system outputs: 32
	Socket messages sent: 0
	Socket messages received: 0
	Signals delivered: 0
	Page size (bytes): 4096
	Exit status: 0
