Q-curve with 2-3-isogeny for parameter -2

Decomposable curve of lowest conductor:

Q-curve defined by y^2 = x^3 + (-2751398786940904971/100*sqrt_tsqrt_su^7-163015092944412669/4*sqrt_tsqrt_su^6-38762944828735597767/100*sqrt_tsqrt_su^5-2263786966746019053/4*sqrt_tsqrt_su^4-315252421436776014081/100*sqrt_tsqrt_su^3-18159247174594530303/4*sqrt_tsqrt_su^2+665954108963279313363/100*sqrt_tsqrt_su+44106608978546610537/4)*x + (780744212463387953374514163/25*sqrt_tsqrt_su^7+36828435915155062869258033*sqrt_tsqrt_su^6+10332734620611612544413512391/25*sqrt_tsqrt_su^5+473605914692278124323725645*sqrt_tsqrt_su^4+78923710257356916392196579993/25*sqrt_tsqrt_su^3+3504911569461841898734244019*sqrt_tsqrt_su^2-283373951899770715032756370899/25*sqrt_tsqrt_su-15320735816583942310609432881) over Number Field in sqrt_tsqrt_su with defining polynomial x^8 + 12*x^6 + 86*x^4 - 468*x^2 + 625

Newform levels:

(2304,)

Newform of level 2304:

q + 1/3335808*(-81*a^7 - 20*a^6 + 306*a^5 - 26616*a^4 - 152604*a^3 - 1406256*a^2 - 6279048*a + 2817760)*q^5 + 1/130560*(4*a^7 - 3*a^6 + 1434*a^4 + 5904*a^3 + 70908*a^2 + 356800*a - 170568)*q^7 + 1/1308160*(-5*a^7 + 24*a^6 + 246*a^5 - 2400*a^4 - 1244*a^3 + 58848*a^2 - 77816*a + 3780864)*q^11 + O(q^12)

--------------------------------------------------------------

	Command being timed: "sage ./results/run.sage"
	User time (seconds): 6.95
	System time (seconds): 0.81
	Percent of CPU this job got: 63%
	Elapsed (wall clock) time (h:mm:ss or m:ss): 0:12.24
	Average shared text size (kbytes): 0
	Average unshared data size (kbytes): 0
	Average stack size (kbytes): 0
	Average total size (kbytes): 0
	Maximum resident set size (kbytes): 211968
	Average resident set size (kbytes): 0
	Major (requiring I/O) page faults: 0
	Minor (reclaiming a frame) page faults: 182666
	Voluntary context switches: 10193
	Involuntary context switches: 3298
	Swaps: 0
	File system inputs: 24
	File system outputs: 208
	Socket messages sent: 0
	Socket messages received: 0
	Signals delivered: 0
	Page size (bytes): 4096
	Exit status: 0
