Q-curve with 3-isogeny for parameter 1

An exception occured:
invariants (0, 0, 0, -27, 54) define a singular curve

--------------------------------------------------------------

	Command being timed: "sage ./code/Q-curve with 3-isogeny 1.sage"
	User time (seconds): 1.34
	System time (seconds): 0.31
	Percent of CPU this job got: 73%
	Elapsed (wall clock) time (h:mm:ss or m:ss): 0:02.25
	Average shared text size (kbytes): 0
	Average unshared data size (kbytes): 0
	Average stack size (kbytes): 0
	Average total size (kbytes): 0
	Maximum resident set size (kbytes): 177260
	Average resident set size (kbytes): 0
	Major (requiring I/O) page faults: 0
	Minor (reclaiming a frame) page faults: 97491
	Voluntary context switches: 1309
	Involuntary context switches: 55
	Swaps: 0
	File system inputs: 32
	File system outputs: 32
	Socket messages sent: 0
	Socket messages received: 0
	Signals delivered: 0
	Page size (bytes): 4096
	Exit status: 0
