Q-curve with 3-isogeny for parameter 4

An exception occured:
'RationalField_with_category' object has no attribute 'is_galois'

--------------------------------------------------------------

	Command being timed: "sage ./code/Q-curve with 3-isogeny 4.sage"
	User time (seconds): 1.39
	System time (seconds): 0.32
	Percent of CPU this job got: 74%
	Elapsed (wall clock) time (h:mm:ss or m:ss): 0:02.32
	Average shared text size (kbytes): 0
	Average unshared data size (kbytes): 0
	Average stack size (kbytes): 0
	Average total size (kbytes): 0
	Maximum resident set size (kbytes): 177276
	Average resident set size (kbytes): 0
	Major (requiring I/O) page faults: 0
	Minor (reclaiming a frame) page faults: 97816
	Voluntary context switches: 1307
	Involuntary context switches: 52
	Swaps: 0
	File system inputs: 32
	File system outputs: 32
	Socket messages sent: 0
	Socket messages received: 0
	Signals delivered: 0
	Page size (bytes): 4096
	Exit status: 0
