Q-curve with 3-isogeny for parameter 5

Decomposable curve of lowest conductor:

Q-curve defined by y^2 = x^3 + (-589463100/9699751*sqrt_tuzeta0^7+2984630325/9699751*sqrt_tuzeta0^6+22261038000/9699751*sqrt_tuzeta0^5-121694453850/9699751*sqrt_tuzeta0^4-42952130400/9699751*sqrt_tuzeta0^3+575014619325/9699751*sqrt_tuzeta0^2-512046400050/9699751*sqrt_tuzeta0+100927309650/9699751)*x + (-74637514800/9699751*sqrt_tuzeta0^7+266769493900/9699751*sqrt_tuzeta0^6+2764971255900/9699751*sqrt_tuzeta0^5-11162147835000/9699751*sqrt_tuzeta0^4-4383654184100/9699751*sqrt_tuzeta0^3+57988906236900/9699751*sqrt_tuzeta0^2-53310941812800/9699751*sqrt_tuzeta0+10881590925650/9699751) over Number Field in sqrt_tuzeta0 with defining polynomial x^8 - 2*x^7 - 49*x^6 + 94*x^5 + 544*x^4 - 838*x^3 - 1606*x^2 + 2156*x - 479

Newform levels:

(675, 10800)
(10800, 675)

Newform of level 675:

q + 1/6*a^2*q^4 + a*q^7 + O(q^12)

--------------------------------------------------------------

	Command being timed: "sage ./code/Q-curve with 3-isogeny 5.sage"
	User time (seconds): 9.07
	System time (seconds): 0.92
	Percent of CPU this job got: 75%
	Elapsed (wall clock) time (h:mm:ss or m:ss): 0:13.17
	Average shared text size (kbytes): 0
	Average unshared data size (kbytes): 0
	Average stack size (kbytes): 0
	Average total size (kbytes): 0
	Maximum resident set size (kbytes): 208936
	Average resident set size (kbytes): 0
	Major (requiring I/O) page faults: 546
	Minor (reclaiming a frame) page faults: 211168
	Voluntary context switches: 20291
	Involuntary context switches: 4458
	Swaps: 0
	File system inputs: 286080
	File system outputs: 416
	Socket messages sent: 0
	Socket messages received: 0
	Signals delivered: 0
	Page size (bytes): 4096
	Exit status: 0
