Q-curve with 3-isogeny for parameter 9

An exception occured:
'RationalField_with_category' object has no attribute 'is_galois'

--------------------------------------------------------------

	Command being timed: "sage ./code/Q-curve with 3-isogeny 9.sage"
	User time (seconds): 1.31
	System time (seconds): 0.30
	Percent of CPU this job got: 71%
	Elapsed (wall clock) time (h:mm:ss or m:ss): 0:02.24
	Average shared text size (kbytes): 0
	Average unshared data size (kbytes): 0
	Average stack size (kbytes): 0
	Average total size (kbytes): 0
	Maximum resident set size (kbytes): 177244
	Average resident set size (kbytes): 0
	Major (requiring I/O) page faults: 0
	Minor (reclaiming a frame) page faults: 96769
	Voluntary context switches: 1366
	Involuntary context switches: 49
	Swaps: 0
	File system inputs: 32
	File system outputs: 32
	Socket messages sent: 0
	Socket messages received: 0
	Signals delivered: 0
	Page size (bytes): 4096
	Exit status: 0
