Q-curve with 3-isogeny for parameter -10

Decomposable curve of lowest conductor:

Q-curve defined by y^2 = x^3 + (591529546414233132840411339717622396461/24641276164312223104101822757842189002*sqrt_tusqrt_tzeta0^15-4455507314981110738396348821923759766650/36961914246468334656152734136763283503*sqrt_tusqrt_tzeta0^14-41364173749826400323397637041016111248251/36961914246468334656152734136763283503*sqrt_tusqrt_tzeta0^13+54718326204526167582184812463161938360072/36961914246468334656152734136763283503*sqrt_tusqrt_tzeta0^12+1988844835314448298186336864115141642846308/36961914246468334656152734136763283503*sqrt_tusqrt_tzeta0^11-16821987178692293665933257787156674267001331/73923828492936669312305468273526567006*sqrt_tusqrt_tzeta0^10-93252195469020268656356410722232432604257105/73923828492936669312305468273526567006*sqrt_tusqrt_tzeta0^9-272295909503724791908393333380532963002147829/73923828492936669312305468273526567006*sqrt_tusqrt_tzeta0^8+2039166397702487115597246677159525131623144203/73923828492936669312305468273526567006*sqrt_tusqrt_tzeta0^7-4373731933023169974089480116848074536042289524/36961914246468334656152734136763283503*sqrt_tusqrt_tzeta0^6-14821791555641773760944542219051022903225645949/24641276164312223104101822757842189002*sqrt_tusqrt_tzeta0^5-65295057503340384775246862028875175429878822700/12320638082156111552050911378921094501*sqrt_tusqrt_tzeta0^4-218227355835488245636255263548000742652175050381/24641276164312223104101822757842189002*sqrt_tusqrt_tzeta0^3-5544864431817447282848532521878283549577221813999/73923828492936669312305468273526567006*sqrt_tusqrt_tzeta0^2-6086559099567565695483699622014649339992288703828/36961914246468334656152734136763283503*sqrt_tusqrt_tzeta0-22248514827029216274830302234900883442857246900324/36961914246468334656152734136763283503)*x + (4832368986990847708838932071352477366986873020/110885742739405003968458202410289850509*sqrt_tusqrt_tzeta0^15-3276293361534014786949134723697149004919512950/36961914246468334656152734136763283503*sqrt_tusqrt_tzeta0^14-230019327914666431318662106280740287500385871030/110885742739405003968458202410289850509*sqrt_tusqrt_tzeta0^13-83814895049788300011501358962372930585961170280/36961914246468334656152734136763283503*sqrt_tusqrt_tzeta0^12+3786905162660471227629886488890057529611831838280/36961914246468334656152734136763283503*sqrt_tusqrt_tzeta0^11+2299914901971726319417113796273696849283568568360/110885742739405003968458202410289850509*sqrt_tusqrt_tzeta0^10-47800166392862870163378308871336379987698342210850/36961914246468334656152734136763283503*sqrt_tusqrt_tzeta0^9-332915879405657376369678765497981870487895978146920/36961914246468334656152734136763283503*sqrt_tusqrt_tzeta0^8+3261213145451213985821191910499505473880855695193220/110885742739405003968458202410289850509*sqrt_tusqrt_tzeta0^7-1775112049030689898287894103559645142384011703691120/110885742739405003968458202410289850509*sqrt_tusqrt_tzeta0^6+1726578821743032587726331001599110814345414170201830/12320638082156111552050911378921094501*sqrt_tusqrt_tzeta0^5-33706038317159770156285565190750827582132584885340050/12320638082156111552050911378921094501*sqrt_tusqrt_tzeta0^4+480642493436857331680145303347549838328468090556064830/110885742739405003968458202410289850509*sqrt_tusqrt_tzeta0^3-365274771820396785770485136286768030199498969887948090/12320638082156111552050911378921094501*sqrt_tusqrt_tzeta0^2-4738169403841195263684253955130844600477914711387872840/110885742739405003968458202410289850509*sqrt_tusqrt_tzeta0-51876435112888122422394665095936088808749836483957812170/110885742739405003968458202410289850509) over Number Field in sqrt_tusqrt_tzeta0 with defining polynomial x^16 - 4*x^15 - 26*x^14 + 116*x^13 + 2121*x^12 - 6892*x^11 - 7064*x^10 - 5292*x^9 + 1456042*x^8 - 2652348*x^7 + 11414726*x^6 - 30854808*x^5 + 493295096*x^4 - 448733396*x^3 + 4230127784*x^2 + 445128984*x + 54085489921

Newform levels:

(1900800, 1900800)


An exception occured:
Error executing Magma code:

Current total memory usage: 9677.7MB, failed memory request: 2530.1MB
System error: Out of memory.
All virtual memory has been exhausted so Magma cannot perform this statement.

--------------------------------------------------------------

	Command being timed: "sage ./code/Q-curve with 3-isogeny -10.sage"
	User time (seconds): 396.40
	System time (seconds): 1.46
	Percent of CPU this job got: 38%
	Elapsed (wall clock) time (h:mm:ss or m:ss): 17:15.92
	Average shared text size (kbytes): 0
	Average unshared data size (kbytes): 0
	Average stack size (kbytes): 0
	Average total size (kbytes): 0
	Maximum resident set size (kbytes): 460236
	Average resident set size (kbytes): 0
	Major (requiring I/O) page faults: 6032
	Minor (reclaiming a frame) page faults: 275663
	Voluntary context switches: 68044
	Involuntary context switches: 9162
	Swaps: 0
	File system inputs: 516808
	File system outputs: 73408
	Socket messages sent: 0
	Socket messages received: 0
	Signals delivered: 0
	Page size (bytes): 4096
	Exit status: 0
