
Warning: Assuming that 64*c^2 - 48*al and 64*al^2*c^2 - 64*al^3 are coprime outside (2,).
32*Rad_P( (64) * al^2 * (c^2 - al) )


>>>> Exception <<<<<

'FreyCurve_with_category' object has no attribute 'newforms'

--------------------------------------------------------------

	Command being timed: "sage ./results/run.sage"
	User time (seconds): 2.15
	System time (seconds): 0.30
	Percent of CPU this job got: 80%
	Elapsed (wall clock) time (h:mm:ss or m:ss): 0:03.07
	Average shared text size (kbytes): 0
	Average unshared data size (kbytes): 0
	Average stack size (kbytes): 0
	Average total size (kbytes): 0
	Maximum resident set size (kbytes): 187524
	Average resident set size (kbytes): 0
	Major (requiring I/O) page faults: 0
	Minor (reclaiming a frame) page faults: 99675
	Voluntary context switches: 1316
	Involuntary context switches: 51
	Swaps: 0
	File system inputs: 24
	File system outputs: 32
	Socket messages sent: 0
	Socket messages received: 0
	Signals delivered: 0
	Page size (bytes): 4096
	Exit status: 0
