
Warning: Assuming that c^2 - 3/4*al and 1/4096*al^2*c^2 - 1/4096*al^3 are coprime outside ().
1*Rad_P( (1/4096) * al^2 * (c^2 - al) )


>>>> Exception <<<<<

'FreyCurve_with_category' object has no attribute 'newforms'

--------------------------------------------------------------

	Command being timed: "sage ./results/run.sage"
	User time (seconds): 1.47
	System time (seconds): 0.35
	Percent of CPU this job got: 75%
	Elapsed (wall clock) time (h:mm:ss or m:ss): 0:02.41
	Average shared text size (kbytes): 0
	Average unshared data size (kbytes): 0
	Average stack size (kbytes): 0
	Average total size (kbytes): 0
	Maximum resident set size (kbytes): 177260
	Average resident set size (kbytes): 0
	Major (requiring I/O) page faults: 0
	Minor (reclaiming a frame) page faults: 97952
	Voluntary context switches: 1308
	Involuntary context switches: 59
	Swaps: 0
	File system inputs: 24
	File system outputs: 32
	Socket messages sent: 0
	Socket messages received: 0
	Signals delivered: 0
	Page size (bytes): 4096
	Exit status: 0
