
Warning: Assuming that 9*c^4 + 72*bl*c aTraceback (most recent call last):
  File "./results/run.sage.py", line 6, in <module>
    try:
  File "sage/misc/persist.pyx", line 136, in sage.misc.persist.load (build/cythonized/sage/misc/persist.c:2441)
  File "/local/sage/local/lib/python2.7/site-packages/sage/repl/load.py", line 263, in load
    exec(preparse_file(f.read()) + "\n", globals)
  File "<string>", line 8, in <module>
  File "<string>", line 31, in Qcurve_with_2_3_isogeny
  File "<string>", line 127, in __init__
  File "<string>", line 261, in _add_isogenies_of_degree
  File "sage/rings/polynomial/polynomial_element.pyx", line 4313, in sage.rings.polynomial.polynomial_element.Polynomial.factor (build/cythonized/sage/rings/polynomial/polynomial_element.c:40724)
  File "cypari2/auto_gen.pxi", line 19754, in cypari2.gen.Gen_auto.nffactor
  File "src/cysignals/signals.pyx", line 98, in cysignals.signals.sig_raise_exception
KeyboardInterrupt
ming a frame) page faults: 1719592
	Voluntary context switches: 1356
	Involuntary context switches: 11807
	Swaps: 0
	File system inputs: 24
	File system outputs: 32
	Socket messages sent: 0
	Socket messages received: 0
	Signals delivered: 0
	Page size (bytes): 4096
	Exit status: 0
