Q-curve with 2-isogeny for parameter 6

Decomposable curve of lowest conductor:

Q-curve defined by y^2 = x^3 + (-1/85848*sqrt_tusqrt_tzeta0^7+1/17952*sqrt_tusqrt_tzeta0^6+1/438*sqrt_tusqrt_tzeta0^5-3/352*sqrt_tusqrt_tzeta0^4-269/1752*sqrt_tusqrt_tzeta0^3+4141/5984*sqrt_tusqrt_tzeta0^2+133801/42924*sqrt_tusqrt_tzeta0-196159/17952)*x^2 + (62549/1327095616*sqrt_tusqrt_tzeta0^7+169/371008*sqrt_tusqrt_tzeta0^6-9835/1593152*sqrt_tusqrt_tzeta0^5-861/21824*sqrt_tusqrt_tzeta0^4+11613919/27083584*sqrt_tusqrt_tzeta0^3+245943/371008*sqrt_tusqrt_tzeta0^2-18157101049/1327095616*sqrt_tusqrt_tzeta0+15707741/371008)*x over Number Field in sqrt_tusqrt_tzeta0 with defining polynomial x^8 - 196*x^6 + 16758*x^4 - 618148*x^2 + 12794929

Newform levels:

(7680, 7680)

Newform of level 7680:

q + 1/40*(2*a^3 + 5*a^2 + 4*a + 30)*q^3 + 1/8*(-a^2 - 6)*q^5 + 1/20*(a^3 + 22*a)*q^7 + 1/20*(-a^3 - 22*a + 20)*q^9 + 1/20*(-a^3 - 2*a)*q^11 + O(q^12)

--------------------------------------------------------------

	Command being timed: "sage ./code/Q-curve with 2-isogeny 6.sage"
	User time (seconds): 5.08
	System time (seconds): 0.77
	Percent of CPU this job got: 7%
	Elapsed (wall clock) time (h:mm:ss or m:ss): 1:17.24
	Average shared text size (kbytes): 0
	Average unshared data size (kbytes): 0
	Average stack size (kbytes): 0
	Average total size (kbytes): 0
	Maximum resident set size (kbytes): 204704
	Average resident set size (kbytes): 0
	Major (requiring I/O) page faults: 0
	Minor (reclaiming a frame) page faults: 198747
	Voluntary context switches: 15417
	Involuntary context switches: 4555
	Swaps: 0
	File system inputs: 32
	File system outputs: 472
	Socket messages sent: 0
	Socket messages received: 0
	Signals delivered: 0
	Page size (bytes): 4096
	Exit status: 0
