Q-curve with 2-isogeny for parameter 7

Decomposable curve of lowest conductor:

Q-curve defined by y^2 = x^3 + (-54*sqrt_tu0-252)*x^2 + (-5670*sqrt_tu0-29484)*x over Number Field in sqrt_tu0 with defining polynomial x^2 - 28

Newform levels:

(75264,)


An exception occured:
Error executing Magma code:

Current total memory usage: 10114.1MB, failed memory request: 215.1MB
System error: Out of memory.
All virtual memory has been exhausted so Magma cannot perform this statement.

--------------------------------------------------------------

	Command being timed: "sage ./code/Q-curve with 2-isogeny 7.sage"
	User time (seconds): 2.68
	System time (seconds): 0.66
	Percent of CPU this job got: 1%
	Elapsed (wall clock) time (h:mm:ss or m:ss): 3:28.21
	Average shared text size (kbytes): 0
	Average unshared data size (kbytes): 0
	Average stack size (kbytes): 0
	Average total size (kbytes): 0
	Maximum resident set size (kbytes): 203856
	Average resident set size (kbytes): 0
	Major (requiring I/O) page faults: 5423
	Minor (reclaiming a frame) page faults: 171780
	Voluntary context switches: 9383
	Involuntary context switches: 829
	Swaps: 0
	File system inputs: 484360
	File system outputs: 160
	Socket messages sent: 0
	Socket messages received: 0
	Signals delivered: 0
	Page size (bytes): 4096
	Exit status: 0
