Q-curve with 2-isogeny for parameter -3

Decomposable curve of lowest conductor:

Q-curve defined by y^2 = x^3 + (-51/800*sqrt_tusqrt_tzeta0^7+9/40*sqrt_tusqrt_tzeta0^6-551/400*sqrt_tusqrt_tzeta0^5-3/8*sqrt_tusqrt_tzeta0^4+461/200*sqrt_tusqrt_tzeta0^3+51/10*sqrt_tusqrt_tzeta0^2-2639/100*sqrt_tusqrt_tzeta0-15/2)*x^2 + (2661/200*sqrt_tusqrt_tzeta0^7-1995/4*sqrt_tusqrt_tzeta0^6+183651/100*sqrt_tusqrt_tzeta0^5-17955/2*sqrt_tusqrt_tzeta0^4-327471/50*sqrt_tusqrt_tzeta0^3+29925*sqrt_tusqrt_tzeta0^2+833439/25*sqrt_tusqrt_tzeta0-190326)*x over Number Field in sqrt_tusqrt_tzeta0 with defining polynomial x^8 + 32*x^6 + 456*x^4 - 1408*x^2 + 10000

Newform levels:

(96, 192)
(192, 96)

Newform of level 96:

q + 1/16*(-a^3 + 2*a^2 - 20*a + 24)*q^3 + 1/8*(a^3 + 28*a)*q^5 + 1/8*(-a^3 - 20*a)*q^7 + 1/8*(-a^3 - 28*a + 8)*q^9 + 1/4*(-a^2 - 12)*q^11 + O(q^12)

--------------------------------------------------------------

	Command being timed: "sage ./code/Q-curve with 2-isogeny -3.sage"
	User time (seconds): 4.62
	System time (seconds): 0.64
	Percent of CPU this job got: 74%
	Elapsed (wall clock) time (h:mm:ss or m:ss): 0:07.02
	Average shared text size (kbytes): 0
	Average unshared data size (kbytes): 0
	Average stack size (kbytes): 0
	Average total size (kbytes): 0
	Maximum resident set size (kbytes): 204720
	Average resident set size (kbytes): 0
	Major (requiring I/O) page faults: 2
	Minor (reclaiming a frame) page faults: 184659
	Voluntary context switches: 11652
	Involuntary context switches: 2873
	Swaps: 0
	File system inputs: 960
	File system outputs: 320
	Socket messages sent: 0
	Socket messages received: 0
	Signals delivered: 0
	Page size (bytes): 4096
	Exit status: 0
