Q-curve with 2-isogeny for parameter -6

Decomposable curve of lowest conductor:

Q-curve defined by y^2 = x^3 + (-3*sqrt_tu^2-36)*x^2 + (-45/2*sqrt_tu^3+9*sqrt_tu^2-342*sqrt_tu+144)*x over Number Field in sqrt_tu with defining polynomial x^4 + 16*x^2 + 16

Newform levels:

(10752,)

Newform of level 10752:

q + 1/4*(a^2 - 8*a + 22)*q^3 + 1/12*(a^3 - 12*a^2 + 58*a - 104)*q^5 + 1/24*(-a^3 + 12*a^2 - 58*a + 104)*q^7 + 1/2*(a^2 - 8*a + 16)*q^9 - 4*q^11 + O(q^12)

--------------------------------------------------------------

	Command being timed: "sage ./code/Q-curve with 2-isogeny -6.sage"
	User time (seconds): 3.52
	System time (seconds): 0.63
	Percent of CPU this job got: 1%
	Elapsed (wall clock) time (h:mm:ss or m:ss): 3:39.80
	Average shared text size (kbytes): 0
	Average unshared data size (kbytes): 0
	Average stack size (kbytes): 0
	Average total size (kbytes): 0
	Maximum resident set size (kbytes): 204160
	Average resident set size (kbytes): 0
	Major (requiring I/O) page faults: 0
	Minor (reclaiming a frame) page faults: 163738
	Voluntary context switches: 8818
	Involuntary context switches: 2837
	Swaps: 0
	File system inputs: 80
	File system outputs: 248
	Socket messages sent: 0
	Socket messages received: 0
	Signals delivered: 0
	Page size (bytes): 4096
	Exit status: 0
