Q-curve with 2-isogeny for parameter 10

Decomposable curve of lowest conductor:

Q-curve defined by y^2 = x^3 + (3490321155579131931/255137238473401908174075281680*sqrt_tusqrt_tzeta0^15-28430808201/602904757925417360336*sqrt_tusqrt_tzeta0^14-795163687704052136121/102054895389360763269630112672*sqrt_tusqrt_tzeta0^13+11940639215325/301452378962708680168*sqrt_tusqrt_tzeta0^12+52159170573211750839333/26856551418252832439376345440*sqrt_tusqrt_tzeta0^11-442524681423843/31731829364495650544*sqrt_tusqrt_tzeta0^10-6778155827267891376417819/25513723847340190817407528168*sqrt_tusqrt_tzeta0^9+15030295025359083/5531236311242361104*sqrt_tusqrt_tzeta0^8+2123263055948136074862959907/102054895389360763269630112672*sqrt_tusqrt_tzeta0^7-192240785840714045601/602904757925417360336*sqrt_tusqrt_tzeta0^6-13616197483739663003500914972/15946077404587619260879705105*sqrt_tusqrt_tzeta0^5+13702851966939113160615/602904757925417360336*sqrt_tusqrt_tzeta0^4+40197756884020849953110884629/3519134323771060802401038368*sqrt_tusqrt_tzeta0^3-34791231700966536982509/37681547370338585021*sqrt_tusqrt_tzeta0^2+167775371267326531445857572327/668773888527921122343578720*sqrt_tusqrt_tzeta0+930099961859416259630151/54809523447765214576)*x^2 + (-365403734913855087790281/78123022420555664282901851250416*sqrt_tusqrt_tzeta0^15-264389865036113655/3692188737535255914697664*sqrt_tusqrt_tzeta0^14+28292063724001396633141719/9765377802569458035362731406302*sqrt_tusqrt_tzeta0^13+160196387737616376525/3692188737535255914697664*sqrt_tusqrt_tzeta0^12-6587873672271400569988307025/8223476044269017292937036973728*sqrt_tusqrt_tzeta0^11-35498157622188096645/3036339422315177561429*sqrt_tusqrt_tzeta0^10+9866188336078505484790706327355/78123022420555664282901851250416*sqrt_tusqrt_tzeta0^9+6584706459443519875415205/3692188737535255914697664*sqrt_tusqrt_tzeta0^8-1906806692397599159336636144951205/156246044841111328565803702500832*sqrt_tusqrt_tzeta0^7-1072909442916378882961515/6500332284393056187848*sqrt_tusqrt_tzeta0^6+56272033292125800578563363501514007/78123022420555664282901851250416*sqrt_tusqrt_tzeta0^5+33881796920893888924998255405/3692188737535255914697664*sqrt_tusqrt_tzeta0^4-3760739870606979217076737003329974133/156246044841111328565803702500832*sqrt_tusqrt_tzeta0^3-1036660542116782981859694174825/3692188737535255914697664*sqrt_tusqrt_tzeta0^2+175162206004497040194382864330011915/507292353380231586252609423704*sqrt_tusqrt_tzeta0+20357340787061451675029379465/5993812885609181679704)*x over Number Field in sqrt_tusqrt_tzeta0 with defining polynomial x^16 - 676*x^14 + 208162*x^12 - 37735688*x^10 + 4399975035*x^8 - 338603214712*x^6 + 16918835515522*x^4 - 506736829009004*x^2 + 7163252665272001

Newform levels:

(38400, 38400, 38400, 38400)

Magma crashed -- automatically restarting.

An exception occured:
Error evaluating Magma code.
IN:_sage_[37]:=Newforms(_sage_[2]);
OUT:
>> _sage_[37]:=Newforms(_sage_[2]);
                        ^
User error: Identifier '_sage_' has not been declared or assigned

--------------------------------------------------------------

	Command being timed: "sage ./code/Q-curve with 2-isogeny 10.sage"
	User time (seconds): 127.06
	System time (seconds): 11.95
	Percent of CPU this job got: 77%
	Elapsed (wall clock) time (h:mm:ss or m:ss): 2:59.78
	Average shared text size (kbytes): 0
	Average unshared data size (kbytes): 0
	Average stack size (kbytes): 0
	Average total size (kbytes): 0
	Maximum resident set size (kbytes): 7577024
	Average resident set size (kbytes): 0
	Major (requiring I/O) page faults: 136467
	Minor (reclaiming a frame) page faults: 5024490
	Voluntary context switches: 195452
	Involuntary context switches: 11475
	Swaps: 0
	File system inputs: 6776384
	File system outputs: 440
	Socket messages sent: 0
	Socket messages received: 0
	Signals delivered: 0
	Page size (bytes): 4096
	Exit status: 0
