Q-curve with 2-isogeny for parameter 1

An exception occured:
invariants (0, 12, 0, 36, 0) define a singular curve

--------------------------------------------------------------

	Command being timed: "sage ./code/Q-curve with 2-isogeny 1.sage"
	User time (seconds): 1.41
	System time (seconds): 0.29
	Percent of CPU this job got: 72%
	Elapsed (wall clock) time (h:mm:ss or m:ss): 0:02.34
	Average shared text size (kbytes): 0
	Average unshared data size (kbytes): 0
	Average stack size (kbytes): 0
	Average total size (kbytes): 0
	Maximum resident set size (kbytes): 177280
	Average resident set size (kbytes): 0
	Major (requiring I/O) page faults: 0
	Minor (reclaiming a frame) page faults: 96563
	Voluntary context switches: 1342
	Involuntary context switches: 53
	Swaps: 0
	File system inputs: 32
	File system outputs: 32
	Socket messages sent: 0
	Socket messages received: 0
	Signals delivered: 0
	Page size (bytes): 4096
	Exit status: 0
